<?xml version="1.0" encoding="UTF-8"?>
<!-- Generated by org.testng.reporters.JUnitReportReporter -->
<testsuite hostname="LAPTOP-KI9HM9P0" failures="0" tests="1" name="mainTestNG.TestNGRadioButton" time="8.536" errors="0" timestamp="25 Apr 2022 01:24:03 GMT" skipped="0">
  <testcase classname="mainTestNG.TestNGRadioButton" name="radioButton" time="8.536"/>
</testsuite> <!-- mainTestNG.TestNGRadioButton -->
