<?xml version="1.0" encoding="UTF-8"?>
<!-- Generated by org.testng.reporters.JUnitReportReporter -->
<testsuite hostname="LAPTOP-KI9HM9P0" failures="0" tests="1" name="mainTestNG.TestNGDropdown" time="7.693" errors="0" timestamp="25 Apr 2022 00:17:29 GMT" skipped="0">
  <testcase classname="mainTestNG.TestNGDropdown" name="dropDown" time="7.693"/>
</testsuite> <!-- mainTestNG.TestNGDropdown -->
