<?xml version="1.0" encoding="UTF-8"?>
<!-- Generated by org.testng.reporters.JUnitReportReporter -->
<testsuite hostname="LAPTOP-KI9HM9P0" failures="0" tests="1" name="mainTestNG.TestNGIframe" time="0.048" errors="0" timestamp="25 Apr 2022 00:21:32 GMT" skipped="0">
  <testcase classname="mainTestNG.TestNGIframe" name="iFrame" time="0.048"/>
</testsuite> <!-- mainTestNG.TestNGIframe -->
