<?xml version="1.0" encoding="UTF-8"?>
<!-- Generated by org.testng.reporters.JUnitReportReporter -->
<testsuite hostname="LAPTOP-KI9HM9P0" failures="0" tests="1" name="mainTestNG.TestngRobotClassHandling" time="14.178" errors="0" timestamp="24 Apr 2022 12:23:33 GMT" skipped="0">
  <testcase classname="mainTestNG.TestngRobotClassHandling" name="f" time="14.178"/>
</testsuite> <!-- mainTestNG.TestngRobotClassHandling -->
