<?xml version="1.0" encoding="UTF-8"?>
<!-- Generated by org.testng.reporters.JUnitReportReporter -->
<testsuite hostname="LAPTOP-KI9HM9P0" failures="0" tests="3" name="mainTestNG.TestNGBasic" time="0.028" errors="0" timestamp="22 Apr 2022 04:31:24 GMT" skipped="0">
  <testcase classname="mainTestNG.TestNGBasic" name="getTheCurrentURL" time="0.019"/>
  <testcase classname="mainTestNG.TestNGBasic" name="getTheTitle" time="0.008"/>
  <testcase classname="mainTestNG.TestNGBasic" name="getTheClass" time="0.001"/>
</testsuite> <!-- mainTestNG.TestNGBasic -->
