<?xml version="1.0" encoding="UTF-8"?>
<!-- Generated by org.testng.reporters.JUnitReportReporter -->
<testsuite hostname="LAPTOP-KI9HM9P0" failures="0" tests="1" name="mainTestNG.TestNgAlertScrolling" time="0.313" errors="0" timestamp="24 Apr 2022 23:54:24 GMT" skipped="0">
  <testcase classname="mainTestNG.TestNgAlertScrolling" name="alertScrolling" time="0.313"/>
</testsuite> <!-- mainTestNG.TestNgAlertScrolling -->
