<?xml version="1.0" encoding="UTF-8"?>
<!-- Generated by org.testng.reporters.JUnitReportReporter -->
<testsuite hostname="LAPTOP-KI9HM9P0" failures="0" tests="1" name="mainTestNG.TestNGKeyboardandMouseHandling" time="2.738" errors="0" timestamp="25 Apr 2022 00:27:28 GMT" skipped="0">
  <testcase classname="mainTestNG.TestNGKeyboardandMouseHandling" name="keyboardandMouseHandling" time="2.738"/>
</testsuite> <!-- mainTestNG.TestNGKeyboardandMouseHandling -->
