<?xml version="1.0" encoding="UTF-8"?>
<!-- Generated by org.testng.reporters.JUnitReportReporter -->
<testsuite hostname="LAPTOP-KI9HM9P0" failures="0" tests="1" name="mainTestNG.TestNGScrolling" time="3.088" errors="0" timestamp="25 Apr 2022 01:38:24 GMT" skipped="0">
  <testcase classname="mainTestNG.TestNGScrolling" name="scrollingDown" time="3.088"/>
</testsuite> <!-- mainTestNG.TestNGScrolling -->
