<?xml version="1.0" encoding="UTF-8"?>
<!-- Generated by org.testng.reporters.JUnitReportReporter -->
<testsuite hostname="LAPTOP-KI9HM9P0" failures="0" tests="1" name="mainTestNG.TestNGAlertmessage" time="8.550" errors="0" timestamp="24 Apr 2022 23:49:12 GMT" skipped="0">
  <testcase classname="mainTestNG.TestNGAlertmessage" name="alertMessageHandling" time="8.550"/>
</testsuite> <!-- mainTestNG.TestNGAlertmessage -->
