<?xml version="1.0" encoding="UTF-8"?>
<!-- Generated by org.testng.reporters.JUnitReportReporter -->
<testsuite hostname="LAPTOP-KI9HM9P0" failures="0" tests="1" name="mainTestNG.TestNGSeleniumReview" time="8.084" errors="0" timestamp="25 Apr 2022 01:51:13 GMT" skipped="0">
  <testcase classname="mainTestNG.TestNGSeleniumReview" name="f" time="8.084"/>
</testsuite> <!-- mainTestNG.TestNGSeleniumReview -->
