<?xml version="1.0" encoding="UTF-8"?>
<!-- Generated by org.testng.reporters.JUnitReportReporter -->
<testsuite hostname="LAPTOP-KI9HM9P0" failures="0" tests="1" name="mainTestNG.WindowHandling" time="9.496" errors="0" timestamp="22 Apr 2022 05:39:32 GMT" skipped="0">
  <testcase classname="mainTestNG.WindowHandling" name="f" time="9.496"/>
</testsuite> <!-- mainTestNG.WindowHandling -->
